
Getting https://api.digitale-sammlungen.de/iiif/presentation/v2/bsb11853734/manifest...
IIIF Version: v2
rights (or license in v2): ['https://rightsstatements.org/vocab/NoC-NC/1.0/']
attribution: 3
requiredStatement: None

Getting https://gallica.bnf.fr/iiif/ark:/12148/bpt6k6564680d/manifest.json...
IIIF Version: v2
rights (or license in v2): https://gallica.bnf.fr/html/und/conditions-dutilisation-des-contenus-de-gallica
attribution: 1
requiredStatement: None

Getting https://gallica.bnf.fr/iiif/ark:/12148/btv1b9061241w/manifest.json...
IIIF Version: v2
rights (or license in v2): https://gallica.bnf.fr/html/und/conditions-dutilisation-des-contenus-de-gallica
attribution: 1
requiredStatement: None

Getting https://www.blavatnikarchive.org/api/data/es/iiif-manifest/10133?type=mirador&site=baf...
BAD https @context https://iiif.io/api/presentation/2/context.json
IIIF Version: v2
rights (or license in v2): None
attribution: 1
requiredStatement: None

Getting https://iiif.unige.ch/manifest/IIIFManifest_1072068799.json...
IIIF Version: v2
rights (or license in v2): https://creativecommons.org/licenses/by-nc/4.0/
attribution: 1
requiredStatement: None

Getting https://repository.library.brown.edu/iiif/presentation/bdr:37024/manifest.json...
IIIF Version: v2
rights (or license in v2): None
attribution: None
requiredStatement: None

Getting https://librarysearch.cardiff.ac.uk/view/iiif/presentation/44WHELF_CAR/12204338230002420/manifest?iiifVersion=2...
IIIF Version: v2
rights (or license in v2): https://librarysearch.cardiff.ac.uk/view/delivery/copyrights/44WHELF_CAR/10589872460002420?language=en
attribution: 1
requiredStatement: None

Getting https://api.cultural.jp/iiif/metmuseum-78663/manifest...
IIIF Version: v2
rights (or license in v2): http://creativecommons.org/publicdomain/mark/1.0/
attribution: 4
requiredStatement: None

Getting https://www.davidrumsey.com/luna/servlet/iiif/m/RUMSEY~8~1~305961~90076345/manifest...
IIIF Version: v2
rights (or license in v2): None
attribution: 1
requiredStatement: None

Getting https://www.digitalcommonwealth.org/search/commonwealth:668305767/manifest...
IIIF Version: v2
rights (or license in v2): http://creativecommons.org/licenses/by-nc-nd/4.0/
attribution: 1
requiredStatement: None

Getting https://repository.dri.ie/iiif/collection/b564jg065.json...
IIIF Version: v2
rights (or license in v2): https://rightsstatements.org/vocab/InC/1.0/
attribution: 1
requiredStatement: None

Getting https://iiif.durham.ac.uk/manifests/trifle/32150/t1/mv/t1/t1mvt150j86r/manifest...
IIIF Version: v2
rights (or license in v2): https://creativecommons.org/licenses/by-nc-nd/4.0/legalcode
attribution: 1
requiredStatement: None

Getting https://e-codices.ch/metadata/iiif/zhl-P0013-2-1/manifest.json...
IIIF Version: v2
rights (or license in v2): http://creativecommons.org/licenses/by-nc/4.0/
attribution: 1
requiredStatement: None

Getting https://www.e-manuscripta.ch/i3f/v20/4602948/manifest...
IIIF Version: v2
rights (or license in v2): None
attribution: 1
requiredStatement: None

Getting https://www.e-rara.ch/i3f/v20/7568336/manifest...
IIIF Version: v2
rights (or license in v2): https://creativecommons.org/publicdomain/mark/1.0/deed.de
attribution: 1
requiredStatement: None

Getting https://digitalcollections.folger.edu/node/50479/manifest...
IIIF Version: v2
rights (or license in v2): None
attribution: 1
requiredStatement: None

Getting https://fragmentarium.ms/metadata/iiif/F-qdm5/manifest.json...
IIIF Version: v2
rights (or license in v2): http://creativecommons.org/licenses/by-nc/4.0/
attribution: 1
requiredStatement: None

Getting https://adore.ugent.be/IIIF/v3/manifests/archive.ugent.be:ACB41F1C-F681-11E9-9639-C36B765DA7FD...
IIIF Version: v3
rights (or license in v2): http://creativecommons.org/licenses/by-sa/4.0/
attribution: None
requiredStatement: 2

Getting https://manifests.sub.uni-goettingen.de/iiif/presentation/PPN235181684_0029/manifest?version=7a696723...
IIIF Version: v2
rights (or license in v2): None
attribution: 1
requiredStatement: None

Getting https://iiif.harvardartmuseums.org/manifests/object/133370...
IIIF Version: v2
rights (or license in v2): None
attribution: 1
requiredStatement: None

Getting https://hdl.huntington.org/iiif/2/p15150coll7:5145/manifest.json...
IIIF Version: v2
rights (or license in v2): None
attribution: 2
requiredStatement: None

Getting https://iiif.archive.org/iiif/b29000427_0001/manifest.json...
IIIF Version: v3
rights (or license in v2): None
attribution: None
requiredStatement: None

Getting https://media.getty.edu/iiif/manifest/bff54470-38c3-4865-bd58-b550f19b715e...
IIIF Version: v2
rights (or license in v2): http://creativecommons.org/publicdomain/zero/1.0/
attribution: 1
requiredStatement: None

Getting https://digitalcollections.lancaster.ac.uk/iiif/MS-DAVY-10600...
IIIF Version: v2
rights (or license in v2): None
attribution: 1
requiredStatement: None

Getting https://digitalcollections.universiteitleiden.nl/iiif_manifest/item%3A360423/manifest...
IIIF Version: v2
rights (or license in v2): Full access. <a href='https://creativecommons.org/publicdomain/mark/1.0/'>The rights status of this resource is public domain</a>
attribution: 1
requiredStatement: None

Getting https://www.loc.gov/item/2015561754/manifest.json...
IIIF Version: v2
rights (or license in v2): None
attribution: 1
requiredStatement: None

Getting https://libraryimage.nga.gov/manifest/mms/994332947304896.json...
IIIF Version: v2
rights (or license in v2): None
attribution: None
requiredStatement: None
Summary of versions:
   v2 was 92.6% (25)
   v3 was 7.4% (2)
55.6% manifests used rights (15 out of 27)
85.2% manifests used attribution (23 out of 27)
3.7% manifests used requiredStatement (1 out of 27)
